Построение начато 14.11.2015 18:10:36.
     1>Проект "c:\Users\Андрей\documents\visual studio 2012\Projects\Coderator\Coderator\Coderator.vcxproj" в узле 2 (целевые объекты Build).
     1>ClCompile:
         C:\Program Files (x86)\Microsoft Visual Studio 11.0\VC\bin\CL.exe /c /ZI /nologo /W3 /WX- /Od /Oy- /D _MBCS /Gm /EHsc /RTC1 /MDd /GS /fp:precise /Zc:wchar_t /Zc:forScope /Fo"Debug\\" /Fd"Debug\vc110.pdb" /Gd /TP /analyze- /errorReport:prompt "Исходный код.cpp"
         Исходный код.cpp
     1>c:\users\андрей\documents\visual studio 2012\projects\coderator\coderator\transl.h(30): warning C4553: ==: оператор не имеет результата; возможно, имелся в виду "="
     1>c:\users\андрей\documents\visual studio 2012\projects\coderator\coderator\transl.h(32): warning C4553: ==: оператор не имеет результата; возможно, имелся в виду "="
     1>c:\users\андрей\documents\visual studio 2012\projects\coderator\coderator\transl.h(34): warning C4553: ==: оператор не имеет результата; возможно, имелся в виду "="
     1>c:\users\андрей\documents\visual studio 2012\projects\coderator\coderator\transl.h(36): warning C4553: ==: оператор не имеет результата; возможно, имелся в виду "="
     1>c:\users\андрей\documents\visual studio 2012\projects\coderator\coderator\transl.h(38): warning C4553: ==: оператор не имеет результата; возможно, имелся в виду "="
     1>c:\users\андрей\documents\visual studio 2012\projects\coderator\coderator\transl.h(40): warning C4553: ==: оператор не имеет результата; возможно, имелся в виду "="
     1>c:\users\андрей\documents\visual studio 2012\projects\coderator\coderator\transl.h(42): warning C4553: ==: оператор не имеет результата; возможно, имелся в виду "="
     1>c:\users\андрей\documents\visual studio 2012\projects\coderator\coderator\transl.h(44): warning C4553: ==: оператор не имеет результата; возможно, имелся в виду "="
     1>c:\users\андрей\documents\visual studio 2012\projects\coderator\coderator\transl.h(46): warning C4553: ==: оператор не имеет результата; возможно, имелся в виду "="
     1>c:\users\андрей\documents\visual studio 2012\projects\coderator\coderator\transl.h(48): warning C4553: ==: оператор не имеет результата; возможно, имелся в виду "="
     1>c:\users\андрей\documents\visual studio 2012\projects\coderator\coderator\transl.h(50): warning C4553: ==: оператор не имеет результата; возможно, имелся в виду "="
     1>c:\users\андрей\documents\visual studio 2012\projects\coderator\coderator\transl.h(52): warning C4553: ==: оператор не имеет результата; возможно, имелся в виду "="
     1>c:\users\андрей\documents\visual studio 2012\projects\coderator\coderator\transl.h(54): warning C4553: ==: оператор не имеет результата; возможно, имелся в виду "="
     1>c:\users\андрей\documents\visual studio 2012\projects\coderator\coderator\transl.h(56): warning C4553: ==: оператор не имеет результата; возможно, имелся в виду "="
     1>c:\users\андрей\documents\visual studio 2012\projects\coderator\coderator\transl.h(58): warning C4553: ==: оператор не имеет результата; возможно, имелся в виду "="
     1>c:\users\андрей\documents\visual studio 2012\projects\coderator\coderator\transl.h(60): warning C4553: ==: оператор не имеет результата; возможно, имелся в виду "="
     1>c:\users\андрей\documents\visual studio 2012\projects\coderator\coderator\transl.h(62): warning C4553: ==: оператор не имеет результата; возможно, имелся в виду "="
     1>c:\users\андрей\documents\visual studio 2012\projects\coderator\coderator\transl.h(64): warning C4553: ==: оператор не имеет результата; возможно, имелся в виду "="
     1>c:\users\андрей\documents\visual studio 2012\projects\coderator\coderator\transl.h(66): warning C4553: ==: оператор не имеет результата; возможно, имелся в виду "="
     1>c:\users\андрей\documents\visual studio 2012\projects\coderator\coderator\transl.h(68): warning C4553: ==: оператор не имеет результата; возможно, имелся в виду "="
     1>c:\users\андрей\documents\visual studio 2012\projects\coderator\coderator\transl.h(70): warning C4553: ==: оператор не имеет результата; возможно, имелся в виду "="
     1>c:\users\андрей\documents\visual studio 2012\projects\coderator\coderator\transl.h(72): warning C4553: ==: оператор не имеет результата; возможно, имелся в виду "="
     1>c:\users\андрей\documents\visual studio 2012\projects\coderator\coderator\transl.h(74): warning C4553: ==: оператор не имеет результата; возможно, имелся в виду "="
     1>c:\users\андрей\documents\visual studio 2012\projects\coderator\coderator\transl.h(76): warning C4553: ==: оператор не имеет результата; возможно, имелся в виду "="
     1>c:\users\андрей\documents\visual studio 2012\projects\coderator\coderator\transl.h(78): warning C4553: ==: оператор не имеет результата; возможно, имелся в виду "="
     1>c:\users\андрей\documents\visual studio 2012\projects\coderator\coderator\transl.h(80): warning C4553: ==: оператор не имеет результата; возможно, имелся в виду "="
     1>c:\users\андрей\documents\visual studio 2012\projects\coderator\coderator\transl.h(82): warning C4553: ==: оператор не имеет результата; возможно, имелся в виду "="
     1>c:\users\андрей\documents\visual studio 2012\projects\coderator\coderator\transl.h(84): warning C4553: ==: оператор не имеет результата; возможно, имелся в виду "="
     1>c:\users\андрей\documents\visual studio 2012\projects\coderator\coderator\transl.h(86): warning C4553: ==: оператор не имеет результата; возможно, имелся в виду "="
     1>c:\users\андрей\documents\visual studio 2012\projects\coderator\coderator\transl.h(88): warning C4553: ==: оператор не имеет результата; возможно, имелся в виду "="
     1>c:\users\андрей\documents\visual studio 2012\projects\coderator\coderator\transl.h(90): warning C4553: ==: оператор не имеет результата; возможно, имелся в виду "="
     1>c:\users\андрей\documents\visual studio 2012\projects\coderator\coderator\transl.h(91): warning C4553: ==: оператор не имеет результата; возможно, имелся в виду "="
       Link:
         C:\Program Files (x86)\Microsoft Visual Studio 11.0\VC\bin\link.exe /ERRORREPORT:PROMPT /OUT:"c:\users\андрей\documents\visual studio 2012\Projects\Coderator\Debug\Coderator.exe" /INCREMENTAL /NOLOGO kernel32.lib user32.lib gdi32.lib winspool.lib comdlg32.lib advapi32.lib shell32.lib ole32.lib oleaut32.lib uuid.lib odbc32.lib odbccp32.lib /MANIFEST /MANIFESTUAC:"level='asInvoker' uiAccess='false'" /manifest:embed /DEBUG /PDB:"c:\users\андрей\documents\visual studio 2012\Projects\Coderator\Debug\Coderator.pdb" /TLBID:1 /DYNAMICBASE /NXCOMPAT /IMPLIB:"c:\users\андрей\documents\visual studio 2012\Projects\Coderator\Debug\Coderator.lib" /MACHINE:X86 "Debug\Исходный код.obj"
         Coderator.vcxproj -> c:\users\андрей\documents\visual studio 2012\Projects\Coderator\Debug\Coderator.exe
     1>Построение проекта "c:\Users\Андрей\documents\visual studio 2012\Projects\Coderator\Coderator\Coderator.vcxproj" завершено (целевые объекты Build).

Построение успешно завершено.

Затраченное время: 00:00:01.02
